<?xml version='1.0'?>
<ns2:test-suite xmlns:ns2='urn:model.allure.qatools.yandex.ru' start='1661931116510' stop='1661931140274'>
    <name>Login</name>
    <title>Login</title>
    <test-cases>
        <test-case start='1661931116511' status='passed' stop='1661931119543'>
            <name>Verify that Stock Edge Login page is launched when the user enters valid URL</name>
            <title>Verify that Stock Edge Login page is launched when the user enters valid URL</title>
            <labels>
                <label name='language' value='javascript'/>
                <label name='framework' value='wdio'/>
                <label name='thread' value='0-0'/>
            </labels>
            <parameters>
                <parameter kind='argument' name='browser' value='chrome-104.0.5112.102'/>
            </parameters>
            <steps/>
            <attachments/>
        </test-case>
        <test-case start='1661931119544' status='failed' stop='1661931119645'>
            <name>Verify that the following elements are displayed in the login page: Logo, Email field, Password field, Remember me? checkbox, Login button, Forgot your password? link, Search bar, Create your account button</name>
            <title>Verify that the following elements are displayed in the login page: Logo, Email field, Password field, Remember me? checkbox, Login button, Forgot your password? link, Search bar, Create your account button</title>
            <labels>
                <label name='language' value='javascript'/>
                <label name='framework' value='wdio'/>
                <label name='thread' value='0-0'/>
            </labels>
            <parameters>
                <parameter kind='argument' name='browser' value='chrome-104.0.5112.102'/>
            </parameters>
            <steps/>
            <attachments/>
            <failure>
                <message>expected false to be true      
                      actual expected
                      
                      falsetrue
                      </message>
                <stack-trace>AssertionError: expected false to be true
                    at Context.&lt;anonymous> (E:\Web-Automation\StockEdge\test\specs\/quicksmoke.spec.js:20:9)</stack-trace>
            </failure>
        </test-case>
        <test-case start='1661931119647' status='broken' stop='1661931132346'>
            <name>Verify that the user is navigated to Home page when the user enters valid login credentials.</name>
            <title>Verify that the user is navigated to Home page when the user enters valid login credentials.</title>
            <labels>
                <label name='language' value='javascript'/>
                <label name='framework' value='wdio'/>
                <label name='thread' value='0-0'/>
            </labels>
            <parameters>
                <parameter kind='argument' name='browser' value='chrome-104.0.5112.102'/>
            </parameters>
            <steps/>
            <attachments/>
            <failure>
                <message>Can't call elementClick on element with selector "[value="Log in"]" because element wasn't found</message>
                <stack-trace>Error: Can't call elementClick on element with selector "[value="Log in"]" because element wasn't found
                    at implicitWait (E:\Web-Automation\StockEdge\node_modules\webdriverio\build\utils\implicitWait.js:34:19)
                    at E:\Web-Automation\StockEdge\node_modules\webdriverio\build\utils\refetchElement.js:29:16
                    at Element.elementErrorHandlerCallbackFn (E:\Web-Automation\StockEdge\node_modules\webdriverio\build\middlewares.js:41:37)
                    at Element.wrapCommandFn (E:\Web-Automation\StockEdge\node_modules\@wdio\utils\build\shim.js:137:29)
                    at Element.wrapCommandFn (E:\Web-Automation\StockEdge\node_modules\@wdio\utils\build\shim.js:137:29)
                    at Element.elementErrorHandlerCallbackFn (E:\Web-Automation\StockEdge\node_modules\webdriverio\build\middlewares.js:24:32)
                    at Element.wrapCommandFn (E:\Web-Automation\StockEdge\node_modules\@wdio\utils\build\shim.js:137:29)
                    at Login.login (E:\Web-Automation\StockEdge\test\pageobjects\/selogin.page.js:34:9)
                    at Context.&lt;anonymous> (E:\Web-Automation\StockEdge\test\specs\/quicksmoke.spec.js:27:9)</stack-trace>
            </failure>
        </test-case>
        <test-case start='1661931132348' status='passed' stop='1661931140272'>
            <name>Verify that an appropriate error message is displayed when the user tries to Login with invalid credentials.</name>
            <title>Verify that an appropriate error message is displayed when the user tries to Login with invalid credentials.</title>
            <labels>
                <label name='language' value='javascript'/>
                <label name='framework' value='wdio'/>
                <label name='thread' value='0-0'/>
            </labels>
            <parameters>
                <parameter kind='argument' name='browser' value='chrome-104.0.5112.102'/>
            </parameters>
            <steps/>
            <attachments/>
        </test-case>
    </test-cases>
</ns2:test-suite>